# JRE version: OpenJDK Runtime Environment (8.0_152-b01) (build 1.8.0_152-release-915-b01)
# Java VM: OpenJDK 64-Bit Server VM (25.152-b01 mixed mode windows-amd64 compressed oops)
Heap:
 PSYoungGen      total 287232K, used 99754K [0x00000000e0000000, 0x00000000f3380000, 0x0000000100000000)
  eden space 263680K, 34% used [0x00000000e0000000,0x00000000e57ea230,0x00000000f0180000)
  from space 23552K, 41% used [0x00000000f0580000,0x00000000f0f008b0,0x00000000f1c80000)
  to   space 20480K, 0% used [0x00000000f1f80000,0x00000000f1f80000,0x00000000f3380000)
 ParOldGen       total 91136K, used 56558K [0x00000000a0000000, 0x00000000a5900000, 0x00000000e0000000)
  object space 91136K, 62% used [0x00000000a0000000,0x00000000a373b930,0x00000000a5900000)
 Metaspace       used 72315K, capacity 75448K, committed 75736K, reserved 1114112K
  class space    used 9439K, capacity 10170K, committed 10240K, reserved 1048576K
GC Heap History (10 events):
Event: 16.060 GC heap before
{Heap before GC invocations=12 (full 2):
 PSYoungGen      total 158208K, used 158198K [0x00000000e0000000, 0x00000000ed700000, 0x0000000100000000)
  eden space 145408K, 100% used [0x00000000e0000000,0x00000000e8e00000,0x00000000e8e00000)
  from space 12800K, 99% used [0x00000000e8e00000,0x00000000e9a7da60,0x00000000e9a80000)
  to   space 16384K, 0% used [0x00000000ec700000,0x00000000ec700000,0x00000000ed700000)
 ParOldGen       total 58880K, used 21528K [0x00000000a0000000, 0x00000000a3980000, 0x00000000e0000000)
  object space 58880K, 36% used [0x00000000a0000000,0x00000000a15062e0,0x00000000a3980000)
 Metaspace       used 50048K, capacity 51296K, committed 51544K, reserved 1093632K
  class space    used 6610K, capacity 6982K, committed 7040K, reserved 1048576K
Event: 16.085 GC heap after
Heap after GC invocations=12 (full 2):
 PSYoungGen      total 201216K, used 15860K [0x00000000e0000000, 0x00000000edf00000, 0x0000000100000000)
  eden space 184832K, 0% used [0x00000000e0000000,0x00000000e0000000,0x00000000eb480000)
  from space 16384K, 96% used [0x00000000ec700000,0x00000000ed67d2a0,0x00000000ed700000)
  to   space 18944K, 0% used [0x00000000eb480000,0x00000000eb480000,0x00000000ec700000)
 ParOldGen       total 58880K, used 21536K [0x00000000a0000000, 0x00000000a3980000, 0x00000000e0000000)
  object space 58880K, 36% used [0x00000000a0000000,0x00000000a15082e0,0x00000000a3980000)
 Metaspace       used 50048K, capacity 51296K, committed 51544K, reserved 1093632K
  class space    used 6610K, capacity 6982K, committed 7040K, reserved 1048576K
}
Event: 18.607 GC heap before
{Heap before GC invocations=13 (full 2):
 PSYoungGen      total 201216K, used 154833K [0x00000000e0000000, 0x00000000edf00000, 0x0000000100000000)
  eden space 184832K, 75% used [0x00000000e0000000,0x00000000e87b7368,0x00000000eb480000)
  from space 16384K, 96% used [0x00000000ec700000,0x00000000ed67d2a0,0x00000000ed700000)
  to   space 18944K, 0% used [0x00000000eb480000,0x00000000eb480000,0x00000000ec700000)
 ParOldGen       total 58880K, used 21536K [0x00000000a0000000, 0x00000000a3980000, 0x00000000e0000000)
  object space 58880K, 36% used [0x00000000a0000000,0x00000000a15082e0,0x00000000a3980000)
 Metaspace       used 56941K, capacity 59004K, committed 59028K, reserved 1099776K
  class space    used 7703K, capacity 8170K, committed 8192K, reserved 1048576K
Event: 19.140 GC heap after
Heap after GC invocations=13 (full 2):
 PSYoungGen      total 203776K, used 15727K [0x00000000e0000000, 0x00000000f3380000, 0x0000000100000000)
  eden space 184832K, 0% used [0x00000000e0000000,0x00000000e0000000,0x00000000eb480000)
  from space 18944K, 83% used [0x00000000eb480000,0x00000000ec3dbc68,0x00000000ec700000)
  to   space 20480K, 0% used [0x00000000f1f80000,0x00000000f1f80000,0x00000000f3380000)
 ParOldGen       total 58880K, used 31269K [0x00000000a0000000, 0x00000000a3980000, 0x00000000e0000000)
  object space 58880K, 53% used [0x00000000a0000000,0x00000000a1e89668,0x00000000a3980000)
 Metaspace       used 56941K, capacity 59004K, committed 59028K, reserved 1099776K
  class space    used 7703K, capacity 8170K, committed 8192K, reserved 1048576K
}
Event: 19.140 GC heap before
{Heap before GC invocations=14 (full 3):
 PSYoungGen      total 203776K, used 15727K [0x00000000e0000000, 0x00000000f3380000, 0x0000000100000000)
  eden space 184832K, 0% used [0x00000000e0000000,0x00000000e0000000,0x00000000eb480000)
  from space 18944K, 83% used [0x00000000eb480000,0x00000000ec3dbc68,0x00000000ec700000)
  to   space 20480K, 0% used [0x00000000f1f80000,0x00000000f1f80000,0x00000000f3380000)
 ParOldGen       total 58880K, used 31269K [0x00000000a0000000, 0x00000000a3980000, 0x00000000e0000000)
  object space 58880K, 53% used [0x00000000a0000000,0x00000000a1e89668,0x00000000a3980000)
 Metaspace       used 56941K, capacity 59004K, committed 59028K, reserved 1099776K
  class space    used 7703K, capacity 8170K, committed 8192K, reserved 1048576K
Event: 19.519 GC heap after
Heap after GC invocations=14 (full 3):
 PSYoungGen      total 203776K, used 0K [0x00000000e0000000, 0x00000000f3380000, 0x0000000100000000)
  eden space 184832K, 0% used [0x00000000e0000000,0x00000000e0000000,0x00000000eb480000)
  from space 18944K, 0% used [0x00000000eb480000,0x00000000eb480000,0x00000000ec700000)
  to   space 20480K, 0% used [0x00000000f1f80000,0x00000000f1f80000,0x00000000f3380000)
 ParOldGen       total 91136K, used 39558K [0x00000000a0000000, 0x00000000a5900000, 0x00000000e0000000)
  object space 91136K, 43% used [0x00000000a0000000,0x00000000a26a1b88,0x00000000a5900000)
 Metaspace       used 56918K, capacity 58916K, committed 59028K, reserved 1099776K
  class space    used 7696K, capacity 8162K, committed 8192K, reserved 1048576K
}
Event: 26.334 GC heap before
{Heap before GC invocations=15 (full 3):
 PSYoungGen      total 203776K, used 184832K [0x00000000e0000000, 0x00000000f3380000, 0x0000000100000000)
  eden space 184832K, 100% used [0x00000000e0000000,0x00000000eb480000,0x00000000eb480000)
  from space 18944K, 0% used [0x00000000eb480000,0x00000000eb480000,0x00000000ec700000)
  to   space 20480K, 0% used [0x00000000f1f80000,0x00000000f1f80000,0x00000000f3380000)
 ParOldGen       total 91136K, used 39558K [0x00000000a0000000, 0x00000000a5900000, 0x00000000e0000000)
  object space 91136K, 43% used [0x00000000a0000000,0x00000000a26a1b88,0x00000000a5900000)
 Metaspace       used 65595K, capacity 68294K, committed 68440K, reserved 1107968K
  class space    used 8689K, capacity 9333K, committed 9344K, reserved 1048576K
Event: 26.860 GC heap after
Heap after GC invocations=15 (full 3):
 PSYoungGen      total 284160K, used 20459K [0x00000000e0000000, 0x00000000f3380000, 0x0000000100000000)
  eden space 263680K, 0% used [0x00000000e0000000,0x00000000e0000000,0x00000000f0180000)
  from space 20480K, 99% used [0x00000000f1f80000,0x00000000f337af20,0x00000000f3380000)
  to   space 23552K, 0% used [0x00000000f0580000,0x00000000f0580000,0x00000000f1c80000)
 ParOldGen       total 91136K, used 40234K [0x00000000a0000000, 0x00000000a5900000, 0x00000000e0000000)
  object space 91136K, 44% used [0x00000000a0000000,0x00000000a274aaf0,0x00000000a5900000)
 Metaspace       used 65595K, capacity 68294K, committed 68440K, reserved 1107968K
  class space    used 8689K, capacity 9333K, committed 9344K, reserved 1048576K
}
Event: 68.132 GC heap before
{Heap before GC invocations=16 (full 3):
 PSYoungGen      total 284160K, used 284139K [0x00000000e0000000, 0x00000000f3380000, 0x0000000100000000)
  eden space 263680K, 100% used [0x00000000e0000000,0x00000000f0180000,0x00000000f0180000)
  from space 20480K, 99% used [0x00000000f1f80000,0x00000000f337af20,0x00000000f3380000)
  to   space 23552K, 0% used [0x00000000f0580000,0x00000000f0580000,0x00000000f1c80000)
 ParOldGen       total 91136K, used 40234K [0x00000000a0000000, 0x00000000a5900000, 0x00000000e0000000)
  object space 91136K, 44% used [0x00000000a0000000,0x00000000a274aaf0,0x00000000a5900000)
 Metaspace       used 71739K, capacity 74770K, committed 74840K, reserved 1114112K
  class space    used 9368K, capacity 10087K, committed 10112K, reserved 1048576K
Event: 68.237 GC heap after
Heap after GC invocations=16 (full 3):
 PSYoungGen      total 287232K, used 9730K [0x00000000e0000000, 0x00000000f3380000, 0x0000000100000000)
  eden space 263680K, 0% used [0x00000000e0000000,0x00000000e0000000,0x00000000f0180000)
  from space 23552K, 41% used [0x00000000f0580000,0x00000000f0f008b0,0x00000000f1c80000)
  to   space 20480K, 0% used [0x00000000f1f80000,0x00000000f1f80000,0x00000000f3380000)
 ParOldGen       total 91136K, used 56558K [0x00000000a0000000, 0x00000000a5900000, 0x00000000e0000000)
  object space 91136K, 62% used [0x00000000a0000000,0x00000000a373b930,0x00000000a5900000)
 Metaspace       used 71739K, capacity 74770K, committed 74840K, reserved 1114112K
  class space    used 9368K, capacity 10087K, committed 10112K, reserved 1048576K
}

